F:\CHRIS\DOCUMENTS\VISUAL STUDIO\HANOI\DEBUG\HANOI.EXE
F:\CHRIS\DOCUMENTS\VISUAL STUDIO\HANOI\DEBUG\HANOI.ILK
F:\CHRIS\DOCUMENTS\VISUAL STUDIO\HANOI\DEBUG\HANOI.PDB
F:\Chris\Documents\Visual Studio\hanoi\hanoi\Debug\cl.command.1.tlog
F:\Chris\Documents\Visual Studio\hanoi\hanoi\Debug\CL.read.1.tlog
F:\Chris\Documents\Visual Studio\hanoi\hanoi\Debug\CL.write.1.tlog
F:\CHRIS\DOCUMENTS\VISUAL STUDIO\HANOI\HANOI\DEBUG\HANOI.EXE.EMBED.MANIFEST
F:\CHRIS\DOCUMENTS\VISUAL STUDIO\HANOI\HANOI\DEBUG\HANOI.EXE.EMBED.MANIFEST.RES
F:\CHRIS\DOCUMENTS\VISUAL STUDIO\HANOI\HANOI\DEBUG\HANOI.EXE.INTERMEDIATE.MANIFEST
F:\CHRIS\DOCUMENTS\VISUAL STUDIO\HANOI\HANOI\DEBUG\HANOI.OBJ
F:\Chris\Documents\Visual Studio\hanoi\hanoi\Debug\hanoi_manifest.rc
F:\Chris\Documents\Visual Studio\hanoi\hanoi\Debug\link.4596.read.1.tlog
F:\Chris\Documents\Visual Studio\hanoi\hanoi\Debug\link.4596.write.1.tlog
F:\Chris\Documents\Visual Studio\hanoi\hanoi\Debug\link.4596-cvtres.read.1.tlog
F:\Chris\Documents\Visual Studio\hanoi\hanoi\Debug\link.4596-cvtres.write.1.tlog
F:\Chris\Documents\Visual Studio\hanoi\hanoi\Debug\link.command.1.tlog
F:\Chris\Documents\Visual Studio\hanoi\hanoi\Debug\link.read.1.tlog
F:\Chris\Documents\Visual Studio\hanoi\hanoi\Debug\link.write.1.tlog
F:\Chris\Documents\Visual Studio\hanoi\hanoi\Debug\link-cvtres.read.1.tlog
F:\Chris\Documents\Visual Studio\hanoi\hanoi\Debug\link-cvtres.write.1.tlog
F:\Chris\Documents\Visual Studio\hanoi\hanoi\Debug\mt.command.1.tlog
F:\Chris\Documents\Visual Studio\hanoi\hanoi\Debug\mt.read.1.tlog
F:\Chris\Documents\Visual Studio\hanoi\hanoi\Debug\mt.write.1.tlog
F:\Chris\Documents\Visual Studio\hanoi\hanoi\Debug\rc.command.1.tlog
F:\Chris\Documents\Visual Studio\hanoi\hanoi\Debug\rc.read.1.tlog
F:\Chris\Documents\Visual Studio\hanoi\hanoi\Debug\rc.write.1.tlog
F:\Chris\Documents\Visual Studio\hanoi\hanoi\Debug\vc100.idb
F:\CHRIS\DOCUMENTS\VISUAL STUDIO\HANOI\HANOI\DEBUG\VC100.PDB
