D:\CHRIS\DOCUMENTS\VISUAL STUDIO\ASSIGNMENT 1 PT2 STRING CLASS\ASSIGNMENT 1 PT2 STRING CLASS\DEBUG\ASSIGNMENT 1 PT2 STRING CLASS.EXE.EMBED.MANIFEST
D:\CHRIS\DOCUMENTS\VISUAL STUDIO\ASSIGNMENT 1 PT2 STRING CLASS\ASSIGNMENT 1 PT2 STRING CLASS\DEBUG\ASSIGNMENT 1 PT2 STRING CLASS.EXE.EMBED.MANIFEST.RES
D:\CHRIS\DOCUMENTS\VISUAL STUDIO\ASSIGNMENT 1 PT2 STRING CLASS\ASSIGNMENT 1 PT2 STRING CLASS\DEBUG\ASSIGNMENT 1 PT2 STRING CLASS.EXE.INTERMEDIATE.MANIFEST
D:\CHRIS\DOCUMENTS\VISUAL STUDIO\ASSIGNMENT 1 PT2 STRING CLASS\ASSIGNMENT 1 PT2 STRING CLASS\DEBUG\MAIN.OBJ
D:\CHRIS\DOCUMENTS\VISUAL STUDIO\ASSIGNMENT 1 PT2 STRING CLASS\ASSIGNMENT 1 PT2 STRING CLASS\DEBUG\MYSTRING.OBJ
D:\CHRIS\DOCUMENTS\VISUAL STUDIO\ASSIGNMENT 1 PT2 STRING CLASS\ASSIGNMENT 1 PT2 STRING CLASS\DEBUG\VC100.PDB
D:\CHRIS\DOCUMENTS\VISUAL STUDIO\ASSIGNMENT 1 PT2 STRING CLASS\DEBUG\ASSIGNMENT 1 PT2 STRING CLASS.EXE
D:\Chris\Documents\Visual Studio\Assignment 1 Pt2 String Class\Debug\Assignment 1 Pt2 String Class.exp
D:\CHRIS\DOCUMENTS\VISUAL STUDIO\ASSIGNMENT 1 PT2 STRING CLASS\DEBUG\ASSIGNMENT 1 PT2 STRING CLASS.ILK
D:\Chris\Documents\Visual Studio\Assignment 1 Pt2 String Class\Debug\Assignment 1 Pt2 String Class.lib
D:\CHRIS\DOCUMENTS\VISUAL STUDIO\ASSIGNMENT 1 PT2 STRING CLASS\DEBUG\ASSIGNMENT 1 PT2 STRING CLASS.PDB
F:\Chris\Documents\Visual Studio\Assignment 1 Pt2 String Class\Assignment 1 Pt2 String Class\Debug\Assignment 1 Pt2 String Class.exe.embed.manifest
F:\Chris\Documents\Visual Studio\Assignment 1 Pt2 String Class\Assignment 1 Pt2 String Class\Debug\Assignment 1 Pt2 String Class.exe.embed.manifest.res
F:\Chris\Documents\Visual Studio\Assignment 1 Pt2 String Class\Assignment 1 Pt2 String Class\Debug\Assignment 1 Pt2 String Class.exe.intermediate.manifest
F:\Chris\Documents\Visual Studio\Assignment 1 Pt2 String Class\Assignment 1 Pt2 String Class\Debug\Assignment 1 Pt2 String Class.write.1.tlog
F:\Chris\Documents\Visual Studio\Assignment 1 Pt2 String Class\Assignment 1 Pt2 String Class\Debug\Assignment 1 Pt2 String Class_manifest.rc
F:\Chris\Documents\Visual Studio\Assignment 1 Pt2 String Class\Assignment 1 Pt2 String Class\Debug\cl.command.1.tlog
F:\Chris\Documents\Visual Studio\Assignment 1 Pt2 String Class\Assignment 1 Pt2 String Class\Debug\CL.read.1.tlog
F:\Chris\Documents\Visual Studio\Assignment 1 Pt2 String Class\Assignment 1 Pt2 String Class\Debug\CL.write.1.tlog
F:\Chris\Documents\Visual Studio\Assignment 1 Pt2 String Class\Assignment 1 Pt2 String Class\Debug\link.2724.read.1.tlog
F:\Chris\Documents\Visual Studio\Assignment 1 Pt2 String Class\Assignment 1 Pt2 String Class\Debug\link.2724.write.1.tlog
F:\Chris\Documents\Visual Studio\Assignment 1 Pt2 String Class\Assignment 1 Pt2 String Class\Debug\link.2724-cvtres.read.1.tlog
F:\Chris\Documents\Visual Studio\Assignment 1 Pt2 String Class\Assignment 1 Pt2 String Class\Debug\link.2724-cvtres.write.1.tlog
F:\Chris\Documents\Visual Studio\Assignment 1 Pt2 String Class\Assignment 1 Pt2 String Class\Debug\link.6032.read.1.tlog
F:\Chris\Documents\Visual Studio\Assignment 1 Pt2 String Class\Assignment 1 Pt2 String Class\Debug\link.6032.write.1.tlog
F:\Chris\Documents\Visual Studio\Assignment 1 Pt2 String Class\Assignment 1 Pt2 String Class\Debug\link.6032-cvtres.read.1.tlog
F:\Chris\Documents\Visual Studio\Assignment 1 Pt2 String Class\Assignment 1 Pt2 String Class\Debug\link.6032-cvtres.write.1.tlog
F:\Chris\Documents\Visual Studio\Assignment 1 Pt2 String Class\Assignment 1 Pt2 String Class\Debug\link.6112.read.1.tlog
F:\Chris\Documents\Visual Studio\Assignment 1 Pt2 String Class\Assignment 1 Pt2 String Class\Debug\link.6112.write.1.tlog
F:\Chris\Documents\Visual Studio\Assignment 1 Pt2 String Class\Assignment 1 Pt2 String Class\Debug\link.6112-cvtres.read.1.tlog
F:\Chris\Documents\Visual Studio\Assignment 1 Pt2 String Class\Assignment 1 Pt2 String Class\Debug\link.6112-cvtres.write.1.tlog
F:\Chris\Documents\Visual Studio\Assignment 1 Pt2 String Class\Assignment 1 Pt2 String Class\Debug\link.8620.read.1.tlog
F:\Chris\Documents\Visual Studio\Assignment 1 Pt2 String Class\Assignment 1 Pt2 String Class\Debug\link.8620.write.1.tlog
F:\Chris\Documents\Visual Studio\Assignment 1 Pt2 String Class\Assignment 1 Pt2 String Class\Debug\link.8620-cvtres.read.1.tlog
F:\Chris\Documents\Visual Studio\Assignment 1 Pt2 String Class\Assignment 1 Pt2 String Class\Debug\link.8620-cvtres.write.1.tlog
F:\Chris\Documents\Visual Studio\Assignment 1 Pt2 String Class\Assignment 1 Pt2 String Class\Debug\link.command.1.tlog
F:\Chris\Documents\Visual Studio\Assignment 1 Pt2 String Class\Assignment 1 Pt2 String Class\Debug\link.read.1.tlog
F:\Chris\Documents\Visual Studio\Assignment 1 Pt2 String Class\Assignment 1 Pt2 String Class\Debug\link.write.1.tlog
F:\Chris\Documents\Visual Studio\Assignment 1 Pt2 String Class\Assignment 1 Pt2 String Class\Debug\link-cvtres.read.1.tlog
F:\Chris\Documents\Visual Studio\Assignment 1 Pt2 String Class\Assignment 1 Pt2 String Class\Debug\link-cvtres.write.1.tlog
F:\Chris\Documents\Visual Studio\Assignment 1 Pt2 String Class\Assignment 1 Pt2 String Class\Debug\main.obj
F:\Chris\Documents\Visual Studio\Assignment 1 Pt2 String Class\Assignment 1 Pt2 String Class\Debug\mt.command.1.tlog
F:\Chris\Documents\Visual Studio\Assignment 1 Pt2 String Class\Assignment 1 Pt2 String Class\Debug\mt.read.1.tlog
F:\Chris\Documents\Visual Studio\Assignment 1 Pt2 String Class\Assignment 1 Pt2 String Class\Debug\mt.write.1.tlog
F:\Chris\Documents\Visual Studio\Assignment 1 Pt2 String Class\Assignment 1 Pt2 String Class\Debug\MyString.obj
F:\Chris\Documents\Visual Studio\Assignment 1 Pt2 String Class\Assignment 1 Pt2 String Class\Debug\rc.command.1.tlog
F:\Chris\Documents\Visual Studio\Assignment 1 Pt2 String Class\Assignment 1 Pt2 String Class\Debug\rc.read.1.tlog
F:\Chris\Documents\Visual Studio\Assignment 1 Pt2 String Class\Assignment 1 Pt2 String Class\Debug\rc.write.1.tlog
F:\Chris\Documents\Visual Studio\Assignment 1 Pt2 String Class\Assignment 1 Pt2 String Class\Debug\vc100.idb
F:\Chris\Documents\Visual Studio\Assignment 1 Pt2 String Class\Assignment 1 Pt2 String Class\Debug\vc100.pdb
F:\Chris\Documents\Visual Studio\Assignment 1 Pt2 String Class\Debug\Assignment 1 Pt2 String Class.exe
F:\Chris\Documents\Visual Studio\Assignment 1 Pt2 String Class\Debug\Assignment 1 Pt2 String Class.ilk
F:\Chris\Documents\Visual Studio\Assignment 1 Pt2 String Class\Debug\Assignment 1 Pt2 String Class.pdb
