F:\Chris\Documents\Visual Studio\Clinic Scheduler\Clinic Scheduler\Debug\cl.command.1.tlog
F:\Chris\Documents\Visual Studio\Clinic Scheduler\Clinic Scheduler\Debug\CL.read.1.tlog
F:\Chris\Documents\Visual Studio\Clinic Scheduler\Clinic Scheduler\Debug\CL.write.1.tlog
F:\CHRIS\DOCUMENTS\VISUAL STUDIO\CLINIC SCHEDULER\CLINIC SCHEDULER\DEBUG\CLINIC SCHEDULER.EXE.EMBED.MANIFEST
F:\CHRIS\DOCUMENTS\VISUAL STUDIO\CLINIC SCHEDULER\CLINIC SCHEDULER\DEBUG\CLINIC SCHEDULER.EXE.EMBED.MANIFEST.RES
F:\CHRIS\DOCUMENTS\VISUAL STUDIO\CLINIC SCHEDULER\CLINIC SCHEDULER\DEBUG\CLINIC SCHEDULER.EXE.INTERMEDIATE.MANIFEST
F:\Chris\Documents\Visual Studio\Clinic Scheduler\Clinic Scheduler\Debug\Clinic Scheduler_manifest.rc
F:\Chris\Documents\Visual Studio\Clinic Scheduler\Clinic Scheduler\Debug\link.13652.read.1.tlog
F:\Chris\Documents\Visual Studio\Clinic Scheduler\Clinic Scheduler\Debug\link.13652.write.1.tlog
F:\Chris\Documents\Visual Studio\Clinic Scheduler\Clinic Scheduler\Debug\link.13652-cvtres.read.1.tlog
F:\Chris\Documents\Visual Studio\Clinic Scheduler\Clinic Scheduler\Debug\link.13652-cvtres.write.1.tlog
F:\Chris\Documents\Visual Studio\Clinic Scheduler\Clinic Scheduler\Debug\link.command.1.tlog
F:\Chris\Documents\Visual Studio\Clinic Scheduler\Clinic Scheduler\Debug\link.read.1.tlog
F:\Chris\Documents\Visual Studio\Clinic Scheduler\Clinic Scheduler\Debug\link.write.1.tlog
F:\Chris\Documents\Visual Studio\Clinic Scheduler\Clinic Scheduler\Debug\link-cvtres.read.1.tlog
F:\Chris\Documents\Visual Studio\Clinic Scheduler\Clinic Scheduler\Debug\link-cvtres.write.1.tlog
F:\CHRIS\DOCUMENTS\VISUAL STUDIO\CLINIC SCHEDULER\CLINIC SCHEDULER\DEBUG\MAIN.OBJ
F:\Chris\Documents\Visual Studio\Clinic Scheduler\Clinic Scheduler\Debug\mt.command.1.tlog
F:\Chris\Documents\Visual Studio\Clinic Scheduler\Clinic Scheduler\Debug\mt.read.1.tlog
F:\Chris\Documents\Visual Studio\Clinic Scheduler\Clinic Scheduler\Debug\mt.write.1.tlog
F:\CHRIS\DOCUMENTS\VISUAL STUDIO\CLINIC SCHEDULER\CLINIC SCHEDULER\DEBUG\QUEUE.OBJ
F:\Chris\Documents\Visual Studio\Clinic Scheduler\Clinic Scheduler\Debug\rc.command.1.tlog
F:\Chris\Documents\Visual Studio\Clinic Scheduler\Clinic Scheduler\Debug\rc.read.1.tlog
F:\Chris\Documents\Visual Studio\Clinic Scheduler\Clinic Scheduler\Debug\rc.write.1.tlog
F:\CHRIS\DOCUMENTS\VISUAL STUDIO\CLINIC SCHEDULER\CLINIC SCHEDULER\DEBUG\SCHEDULER.OBJ
F:\CHRIS\DOCUMENTS\VISUAL STUDIO\CLINIC SCHEDULER\CLINIC SCHEDULER\DEBUG\STRUCTURES.OBJ
F:\Chris\Documents\Visual Studio\Clinic Scheduler\Clinic Scheduler\Debug\vc100.idb
F:\CHRIS\DOCUMENTS\VISUAL STUDIO\CLINIC SCHEDULER\CLINIC SCHEDULER\DEBUG\VC100.PDB
F:\CHRIS\DOCUMENTS\VISUAL STUDIO\CLINIC SCHEDULER\DEBUG\CLINIC SCHEDULER.EXE
F:\CHRIS\DOCUMENTS\VISUAL STUDIO\CLINIC SCHEDULER\DEBUG\CLINIC SCHEDULER.ILK
F:\CHRIS\DOCUMENTS\VISUAL STUDIO\CLINIC SCHEDULER\DEBUG\CLINIC SCHEDULER.PDB
