F:\Chris\Documents\Visual Studio\CookieCounter\CookieCounter\Debug\cl.command.1.tlog
F:\Chris\Documents\Visual Studio\CookieCounter\CookieCounter\Debug\CL.read.1.tlog
F:\Chris\Documents\Visual Studio\CookieCounter\CookieCounter\Debug\CL.write.1.tlog
F:\CHRIS\DOCUMENTS\VISUAL STUDIO\COOKIECOUNTER\COOKIECOUNTER\DEBUG\COOKIECOUNTER.EXE.EMBED.MANIFEST
F:\CHRIS\DOCUMENTS\VISUAL STUDIO\COOKIECOUNTER\COOKIECOUNTER\DEBUG\COOKIECOUNTER.EXE.EMBED.MANIFEST.RES
F:\CHRIS\DOCUMENTS\VISUAL STUDIO\COOKIECOUNTER\COOKIECOUNTER\DEBUG\COOKIECOUNTER.EXE.INTERMEDIATE.MANIFEST
F:\Chris\Documents\Visual Studio\CookieCounter\CookieCounter\Debug\CookieCounter_manifest.rc
F:\Chris\Documents\Visual Studio\CookieCounter\CookieCounter\Debug\link.2124.read.1.tlog
F:\Chris\Documents\Visual Studio\CookieCounter\CookieCounter\Debug\link.2124.write.1.tlog
F:\Chris\Documents\Visual Studio\CookieCounter\CookieCounter\Debug\link.2124-cvtres.read.1.tlog
F:\Chris\Documents\Visual Studio\CookieCounter\CookieCounter\Debug\link.2124-cvtres.write.1.tlog
F:\Chris\Documents\Visual Studio\CookieCounter\CookieCounter\Debug\link.4796.read.1.tlog
F:\Chris\Documents\Visual Studio\CookieCounter\CookieCounter\Debug\link.4796.write.1.tlog
F:\Chris\Documents\Visual Studio\CookieCounter\CookieCounter\Debug\link.4796-cvtres.read.1.tlog
F:\Chris\Documents\Visual Studio\CookieCounter\CookieCounter\Debug\link.4796-cvtres.write.1.tlog
F:\Chris\Documents\Visual Studio\CookieCounter\CookieCounter\Debug\link.5804.read.1.tlog
F:\Chris\Documents\Visual Studio\CookieCounter\CookieCounter\Debug\link.5804.write.1.tlog
F:\Chris\Documents\Visual Studio\CookieCounter\CookieCounter\Debug\link.5804-cvtres.read.1.tlog
F:\Chris\Documents\Visual Studio\CookieCounter\CookieCounter\Debug\link.5804-cvtres.write.1.tlog
F:\Chris\Documents\Visual Studio\CookieCounter\CookieCounter\Debug\link.command.1.tlog
F:\Chris\Documents\Visual Studio\CookieCounter\CookieCounter\Debug\link.read.1.tlog
F:\Chris\Documents\Visual Studio\CookieCounter\CookieCounter\Debug\link.write.1.tlog
F:\Chris\Documents\Visual Studio\CookieCounter\CookieCounter\Debug\link-cvtres.read.1.tlog
F:\Chris\Documents\Visual Studio\CookieCounter\CookieCounter\Debug\link-cvtres.write.1.tlog
F:\CHRIS\DOCUMENTS\VISUAL STUDIO\COOKIECOUNTER\COOKIECOUNTER\DEBUG\MAIN.OBJ
F:\Chris\Documents\Visual Studio\CookieCounter\CookieCounter\Debug\mt.command.1.tlog
F:\Chris\Documents\Visual Studio\CookieCounter\CookieCounter\Debug\mt.read.1.tlog
F:\Chris\Documents\Visual Studio\CookieCounter\CookieCounter\Debug\mt.write.1.tlog
F:\Chris\Documents\Visual Studio\CookieCounter\CookieCounter\Debug\rc.command.1.tlog
F:\Chris\Documents\Visual Studio\CookieCounter\CookieCounter\Debug\rc.read.1.tlog
F:\Chris\Documents\Visual Studio\CookieCounter\CookieCounter\Debug\rc.write.1.tlog
F:\CHRIS\DOCUMENTS\VISUAL STUDIO\COOKIECOUNTER\COOKIECOUNTER\DEBUG\UNSORTEDLIST.OBJ
F:\Chris\Documents\Visual Studio\CookieCounter\CookieCounter\Debug\vc100.idb
F:\CHRIS\DOCUMENTS\VISUAL STUDIO\COOKIECOUNTER\COOKIECOUNTER\DEBUG\VC100.PDB
F:\CHRIS\DOCUMENTS\VISUAL STUDIO\COOKIECOUNTER\DEBUG\COOKIECOUNTER.EXE
F:\CHRIS\DOCUMENTS\VISUAL STUDIO\COOKIECOUNTER\DEBUG\COOKIECOUNTER.ILK
F:\CHRIS\DOCUMENTS\VISUAL STUDIO\COOKIECOUNTER\DEBUG\COOKIECOUNTER.PDB
